<?xml version="1.0" encoding="UTF-8"?>
<!-- Generated by org.testng.reporters.JUnitReportReporter -->
<testsuite hostname="sindhujas-MacBook-Pro-2.local" name="com.testing2020.seleniumtestng.my2020Test" tests="1" failures="0" timestamp="11 Jan 2020 00:52:24 GMT" time="6.237" errors="0">
  <testcase name="Login_SFDC_02" time="6.237" classname="com.testing2020.seleniumtestng.my2020Test"/>
</testsuite> <!-- com.testing2020.seleniumtestng.my2020Test -->
